Martian Runtime - v4.0.5
Serving UI at http://s002:38479?auth=PxHiPu2iJFMio1peQ-OV6pG9EgcnfpoWFYBVw_eFXYE

Running preflight checks (please wait)...
2022-05-21 09:29:26 [runtime] (ready)           ID.mCortex_ATAC_aggr.SC_ATAC_AGGREGATOR_CS.SC_ATAC_AGGREGATOR.COPY_INPUT_OUTPUT
2022-05-21 09:29:26 [runtime] (run:local)       ID.mCortex_ATAC_aggr.SC_ATAC_AGGREGATOR_CS.SC_ATAC_AGGREGATOR.COPY_INPUT_OUTPUT.fork0.split
2022-05-21 09:29:26 [runtime] (ready)           ID.mCortex_ATAC_aggr.SC_ATAC_AGGREGATOR_CS.SC_ATAC_AGGREGATOR._LIBRARY_AGGREGATOR.SETUP_AGGR_SAMPLES
2022-05-21 09:29:26 [runtime] (run:local)       ID.mCortex_ATAC_aggr.SC_ATAC_AGGREGATOR_CS.SC_ATAC_AGGREGATOR._LIBRARY_AGGREGATOR.SETUP_AGGR_SAMPLES.fork0.split
2022-05-21 09:29:26 [runtime] (split_complete)  ID.mCortex_ATAC_aggr.SC_ATAC_AGGREGATOR_CS.SC_ATAC_AGGREGATOR.COPY_INPUT_OUTPUT
2022-05-21 09:29:26 [runtime] (run:local)       ID.mCortex_ATAC_aggr.SC_ATAC_AGGREGATOR_CS.SC_ATAC_AGGREGATOR.COPY_INPUT_OUTPUT.fork0.join
2022-05-21 09:29:26 [runtime] (join_complete)   ID.mCortex_ATAC_aggr.SC_ATAC_AGGREGATOR_CS.SC_ATAC_AGGREGATOR.COPY_INPUT_OUTPUT
2022-05-21 09:29:27 [runtime] (split_complete)  ID.mCortex_ATAC_aggr.SC_ATAC_AGGREGATOR_CS.SC_ATAC_AGGREGATOR._LIBRARY_AGGREGATOR.SETUP_AGGR_SAMPLES
2022-05-21 09:29:27 [runtime] (run:local)       ID.mCortex_ATAC_aggr.SC_ATAC_AGGREGATOR_CS.SC_ATAC_AGGREGATOR._LIBRARY_AGGREGATOR.SETUP_AGGR_SAMPLES.fork0.chnk0.main
2022-05-21 09:29:27 [runtime] (run:local)       ID.mCortex_ATAC_aggr.SC_ATAC_AGGREGATOR_CS.SC_ATAC_AGGREGATOR._LIBRARY_AGGREGATOR.SETUP_AGGR_SAMPLES.fork0.chnk1.main
2022-05-21 09:29:28 [runtime] (chunks_complete) ID.mCortex_ATAC_aggr.SC_ATAC_AGGREGATOR_CS.SC_ATAC_AGGREGATOR._LIBRARY_AGGREGATOR.SETUP_AGGR_SAMPLES
2022-05-21 09:29:28 [runtime] (run:local)       ID.mCortex_ATAC_aggr.SC_ATAC_AGGREGATOR_CS.SC_ATAC_AGGREGATOR._LIBRARY_AGGREGATOR.SETUP_AGGR_SAMPLES.fork0.join
2022-05-21 09:29:29 [runtime] (join_complete)   ID.mCortex_ATAC_aggr.SC_ATAC_AGGREGATOR_CS.SC_ATAC_AGGREGATOR._LIBRARY_AGGREGATOR.SETUP_AGGR_SAMPLES
2022-05-21 09:29:29 [runtime] (ready)           ID.mCortex_ATAC_aggr.SC_ATAC_AGGREGATOR_CS.SC_ATAC_AGGREGATOR._LIBRARY_AGGREGATOR.NORMALIZE_LIBRARIES
2022-05-21 09:29:29 [runtime] (run:local)       ID.mCortex_ATAC_aggr.SC_ATAC_AGGREGATOR_CS.SC_ATAC_AGGREGATOR._LIBRARY_AGGREGATOR.NORMALIZE_LIBRARIES.fork0.split
2022-05-21 09:29:29 [runtime] (split_complete)  ID.mCortex_ATAC_aggr.SC_ATAC_AGGREGATOR_CS.SC_ATAC_AGGREGATOR._LIBRARY_AGGREGATOR.NORMALIZE_LIBRARIES
2022-05-21 09:29:29 [runtime] (run:local)       ID.mCortex_ATAC_aggr.SC_ATAC_AGGREGATOR_CS.SC_ATAC_AGGREGATOR._LIBRARY_AGGREGATOR.NORMALIZE_LIBRARIES.fork0.chnk0.main
2022-05-21 09:29:29 [runtime] (run:local)       ID.mCortex_ATAC_aggr.SC_ATAC_AGGREGATOR_CS.SC_ATAC_AGGREGATOR._LIBRARY_AGGREGATOR.NORMALIZE_LIBRARIES.fork0.chnk1.main
2022-05-21 09:35:32 [runtime] (update)          ID.mCortex_ATAC_aggr.SC_ATAC_AGGREGATOR_CS.SC_ATAC_AGGREGATOR._LIBRARY_AGGREGATOR.NORMALIZE_LIBRARIES.fork0 chunks running (0/2 completed)
2022-05-21 09:41:31 [runtime] (update)          ID.mCortex_ATAC_aggr.SC_ATAC_AGGREGATOR_CS.SC_ATAC_AGGREGATOR._LIBRARY_AGGREGATOR.NORMALIZE_LIBRARIES.fork0 chunks running (0/2 completed)
2022-05-21 09:47:31 [runtime] (update)          ID.mCortex_ATAC_aggr.SC_ATAC_AGGREGATOR_CS.SC_ATAC_AGGREGATOR._LIBRARY_AGGREGATOR.NORMALIZE_LIBRARIES.fork0 chunks running (0/2 completed)
2022-05-21 09:53:32 [runtime] (update)          ID.mCortex_ATAC_aggr.SC_ATAC_AGGREGATOR_CS.SC_ATAC_AGGREGATOR._LIBRARY_AGGREGATOR.NORMALIZE_LIBRARIES.fork0 chunks running (1/2 completed)
2022-05-21 09:56:58 [runtime] (chunks_complete) ID.mCortex_ATAC_aggr.SC_ATAC_AGGREGATOR_CS.SC_ATAC_AGGREGATOR._LIBRARY_AGGREGATOR.NORMALIZE_LIBRARIES
2022-05-21 09:56:58 [runtime] (run:local)       ID.mCortex_ATAC_aggr.SC_ATAC_AGGREGATOR_CS.SC_ATAC_AGGREGATOR._LIBRARY_AGGREGATOR.NORMALIZE_LIBRARIES.fork0.join
2022-05-21 10:03:01 [runtime] (update)          ID.mCortex_ATAC_aggr.SC_ATAC_AGGREGATOR_CS.SC_ATAC_AGGREGATOR._LIBRARY_AGGREGATOR.NORMALIZE_LIBRARIES.fork0 join_running
2022-05-21 10:07:48 [runtime] (join_complete)   ID.mCortex_ATAC_aggr.SC_ATAC_AGGREGATOR_CS.SC_ATAC_AGGREGATOR._LIBRARY_AGGREGATOR.NORMALIZE_LIBRARIES
2022-05-21 10:07:48 [runtime] (ready)           ID.mCortex_ATAC_aggr.SC_ATAC_AGGREGATOR_CS.SC_ATAC_AGGREGATOR._LIBRARY_AGGREGATOR._PEAK_CALLER.COUNT_CUT_SITES
2022-05-21 10:07:48 [runtime] (run:local)       ID.mCortex_ATAC_aggr.SC_ATAC_AGGREGATOR_CS.SC_ATAC_AGGREGATOR._LIBRARY_AGGREGATOR._PEAK_CALLER.COUNT_CUT_SITES.fork0.chnk0.main
2022-05-21 10:10:15 [runtime] (chunks_complete) ID.mCortex_ATAC_aggr.SC_ATAC_AGGREGATOR_CS.SC_ATAC_AGGREGATOR._LIBRARY_AGGREGATOR._PEAK_CALLER.COUNT_CUT_SITES
2022-05-21 10:10:15 [runtime] (ready)           ID.mCortex_ATAC_aggr.SC_ATAC_AGGREGATOR_CS.SC_ATAC_AGGREGATOR._LIBRARY_AGGREGATOR._PEAK_CALLER.CONVERT_SIGNAL_TRACK
2022-05-21 10:10:15 [runtime] (ready)           ID.mCortex_ATAC_aggr.SC_ATAC_AGGREGATOR_CS.SC_ATAC_AGGREGATOR._LIBRARY_AGGREGATOR._PEAK_CALLER.DETECT_PEAKS
2022-05-21 10:10:15 [runtime] (run:local)       ID.mCortex_ATAC_aggr.SC_ATAC_AGGREGATOR_CS.SC_ATAC_AGGREGATOR._LIBRARY_AGGREGATOR._PEAK_CALLER.DETECT_PEAKS.fork0.split
2022-05-21 10:16:18 [runtime] (update)          ID.mCortex_ATAC_aggr.SC_ATAC_AGGREGATOR_CS.SC_ATAC_AGGREGATOR._LIBRARY_AGGREGATOR._PEAK_CALLER.DETECT_PEAKS.fork0 split_running
2022-05-21 10:22:18 [runtime] (update)          ID.mCortex_ATAC_aggr.SC_ATAC_AGGREGATOR_CS.SC_ATAC_AGGREGATOR._LIBRARY_AGGREGATOR._PEAK_CALLER.DETECT_PEAKS.fork0 split_running
2022-05-21 10:28:18 [runtime] (update)          ID.mCortex_ATAC_aggr.SC_ATAC_AGGREGATOR_CS.SC_ATAC_AGGREGATOR._LIBRARY_AGGREGATOR._PEAK_CALLER.DETECT_PEAKS.fork0 split_running
2022-05-21 10:34:18 [runtime] (update)          ID.mCortex_ATAC_aggr.SC_ATAC_AGGREGATOR_CS.SC_ATAC_AGGREGATOR._LIBRARY_AGGREGATOR._PEAK_CALLER.DETECT_PEAKS.fork0 split_running
2022-05-21 10:40:21 [runtime] (update)          ID.mCortex_ATAC_aggr.SC_ATAC_AGGREGATOR_CS.SC_ATAC_AGGREGATOR._LIBRARY_AGGREGATOR._PEAK_CALLER.DETECT_PEAKS.fork0 split_running
2022-05-21 10:46:21 [runtime] (update)          ID.mCortex_ATAC_aggr.SC_ATAC_AGGREGATOR_CS.SC_ATAC_AGGREGATOR._LIBRARY_AGGREGATOR._PEAK_CALLER.DETECT_PEAKS.fork0 split_running
2022-05-21 10:52:20 [runtime] (update)          ID.mCortex_ATAC_aggr.SC_ATAC_AGGREGATOR_CS.SC_ATAC_AGGREGATOR._LIBRARY_AGGREGATOR._PEAK_CALLER.DETECT_PEAKS.fork0 split_running
2022-05-21 10:57:15 [runtime] (split_complete)  ID.mCortex_ATAC_aggr.SC_ATAC_AGGREGATOR_CS.SC_ATAC_AGGREGATOR._LIBRARY_AGGREGATOR._PEAK_CALLER.DETECT_PEAKS
2022-05-21 10:57:15 [runtime] (run:local)       ID.mCortex_ATAC_aggr.SC_ATAC_AGGREGATOR_CS.SC_ATAC_AGGREGATOR._LIBRARY_AGGREGATOR._PEAK_CALLER.DETECT_PEAKS.fork0.chnk00.main
2022-05-21 10:57:15 [runtime] (run:local)       ID.mCortex_ATAC_aggr.SC_ATAC_AGGREGATOR_CS.SC_ATAC_AGGREGATOR._LIBRARY_AGGREGATOR._PEAK_CALLER.DETECT_PEAKS.fork0.chnk01.main
2022-05-21 10:57:15 [runtime] (run:local)       ID.mCortex_ATAC_aggr.SC_ATAC_AGGREGATOR_CS.SC_ATAC_AGGREGATOR._LIBRARY_AGGREGATOR._PEAK_CALLER.DETECT_PEAKS.fork0.chnk02.main
2022-05-21 10:57:15 [runtime] (run:local)       ID.mCortex_ATAC_aggr.SC_ATAC_AGGREGATOR_CS.SC_ATAC_AGGREGATOR._LIBRARY_AGGREGATOR._PEAK_CALLER.DETECT_PEAKS.fork0.chnk03.main
2022-05-21 10:57:15 [runtime] (run:local)       ID.mCortex_ATAC_aggr.SC_ATAC_AGGREGATOR_CS.SC_ATAC_AGGREGATOR._LIBRARY_AGGREGATOR._PEAK_CALLER.DETECT_PEAKS.fork0.chnk04.main
2022-05-21 10:57:15 [runtime] (run:local)       ID.mCortex_ATAC_aggr.SC_ATAC_AGGREGATOR_CS.SC_ATAC_AGGREGATOR._LIBRARY_AGGREGATOR._PEAK_CALLER.DETECT_PEAKS.fork0.chnk05.main
2022-05-21 10:57:15 [runtime] (run:local)       ID.mCortex_ATAC_aggr.SC_ATAC_AGGREGATOR_CS.SC_ATAC_AGGREGATOR._LIBRARY_AGGREGATOR._PEAK_CALLER.DETECT_PEAKS.fork0.chnk06.main
2022-05-21 10:57:15 [runtime] (run:local)       ID.mCortex_ATAC_aggr.SC_ATAC_AGGREGATOR_CS.SC_ATAC_AGGREGATOR._LIBRARY_AGGREGATOR._PEAK_CALLER.DETECT_PEAKS.fork0.chnk07.main
2022-05-21 10:57:15 [runtime] (run:local)       ID.mCortex_ATAC_aggr.SC_ATAC_AGGREGATOR_CS.SC_ATAC_AGGREGATOR._LIBRARY_AGGREGATOR._PEAK_CALLER.DETECT_PEAKS.fork0.chnk08.main
2022-05-21 10:57:15 [runtime] (run:local)       ID.mCortex_ATAC_aggr.SC_ATAC_AGGREGATOR_CS.SC_ATAC_AGGREGATOR._LIBRARY_AGGREGATOR._PEAK_CALLER.DETECT_PEAKS.fork0.chnk09.main
2022-05-21 10:57:15 [runtime] (run:local)       ID.mCortex_ATAC_aggr.SC_ATAC_AGGREGATOR_CS.SC_ATAC_AGGREGATOR._LIBRARY_AGGREGATOR._PEAK_CALLER.DETECT_PEAKS.fork0.chnk10.main
2022-05-21 10:57:15 [runtime] (run:local)       ID.mCortex_ATAC_aggr.SC_ATAC_AGGREGATOR_CS.SC_ATAC_AGGREGATOR._LIBRARY_AGGREGATOR._PEAK_CALLER.DETECT_PEAKS.fork0.chnk11.main
2022-05-21 10:57:15 [runtime] (run:local)       ID.mCortex_ATAC_aggr.SC_ATAC_AGGREGATOR_CS.SC_ATAC_AGGREGATOR._LIBRARY_AGGREGATOR._PEAK_CALLER.DETECT_PEAKS.fork0.chnk12.main
2022-05-21 10:57:15 [runtime] (run:local)       ID.mCortex_ATAC_aggr.SC_ATAC_AGGREGATOR_CS.SC_ATAC_AGGREGATOR._LIBRARY_AGGREGATOR._PEAK_CALLER.DETECT_PEAKS.fork0.chnk13.main
2022-05-21 10:57:15 [runtime] (run:local)       ID.mCortex_ATAC_aggr.SC_ATAC_AGGREGATOR_CS.SC_ATAC_AGGREGATOR._LIBRARY_AGGREGATOR._PEAK_CALLER.DETECT_PEAKS.fork0.chnk14.main
2022-05-21 10:57:15 [runtime] (run:local)       ID.mCortex_ATAC_aggr.SC_ATAC_AGGREGATOR_CS.SC_ATAC_AGGREGATOR._LIBRARY_AGGREGATOR._PEAK_CALLER.DETECT_PEAKS.fork0.chnk15.main
2022-05-21 10:57:15 [runtime] (run:local)       ID.mCortex_ATAC_aggr.SC_ATAC_AGGREGATOR_CS.SC_ATAC_AGGREGATOR._LIBRARY_AGGREGATOR._PEAK_CALLER.DETECT_PEAKS.fork0.chnk16.main
2022-05-21 10:57:15 [runtime] (run:local)       ID.mCortex_ATAC_aggr.SC_ATAC_AGGREGATOR_CS.SC_ATAC_AGGREGATOR._LIBRARY_AGGREGATOR._PEAK_CALLER.DETECT_PEAKS.fork0.chnk17.main
2022-05-21 10:57:15 [runtime] (run:local)       ID.mCortex_ATAC_aggr.SC_ATAC_AGGREGATOR_CS.SC_ATAC_AGGREGATOR._LIBRARY_AGGREGATOR._PEAK_CALLER.DETECT_PEAKS.fork0.chnk18.main
2022-05-21 10:57:15 [runtime] (run:local)       ID.mCortex_ATAC_aggr.SC_ATAC_AGGREGATOR_CS.SC_ATAC_AGGREGATOR._LIBRARY_AGGREGATOR._PEAK_CALLER.DETECT_PEAKS.fork0.chnk19.main
2022-05-21 10:57:15 [runtime] (run:local)       ID.mCortex_ATAC_aggr.SC_ATAC_AGGREGATOR_CS.SC_ATAC_AGGREGATOR._LIBRARY_AGGREGATOR._PEAK_CALLER.DETECT_PEAKS.fork0.chnk20.main
2022-05-21 10:57:15 [runtime] (run:local)       ID.mCortex_ATAC_aggr.SC_ATAC_AGGREGATOR_CS.SC_ATAC_AGGREGATOR._LIBRARY_AGGREGATOR._PEAK_CALLER.DETECT_PEAKS.fork0.chnk21.main
2022-05-21 10:57:15 [runtime] (run:local)       ID.mCortex_ATAC_aggr.SC_ATAC_AGGREGATOR_CS.SC_ATAC_AGGREGATOR._LIBRARY_AGGREGATOR._PEAK_CALLER.DETECT_PEAKS.fork0.chnk22.main
2022-05-21 10:57:15 [runtime] (run:local)       ID.mCortex_ATAC_aggr.SC_ATAC_AGGREGATOR_CS.SC_ATAC_AGGREGATOR._LIBRARY_AGGREGATOR._PEAK_CALLER.DETECT_PEAKS.fork0.chnk23.main
2022-05-21 10:57:15 [runtime] (run:local)       ID.mCortex_ATAC_aggr.SC_ATAC_AGGREGATOR_CS.SC_ATAC_AGGREGATOR._LIBRARY_AGGREGATOR._PEAK_CALLER.DETECT_PEAKS.fork0.chnk24.main
2022-05-21 10:57:15 [runtime] (run:local)       ID.mCortex_ATAC_aggr.SC_ATAC_AGGREGATOR_CS.SC_ATAC_AGGREGATOR._LIBRARY_AGGREGATOR._PEAK_CALLER.DETECT_PEAKS.fork0.chnk25.main
2022-05-21 10:57:15 [runtime] (run:local)       ID.mCortex_ATAC_aggr.SC_ATAC_AGGREGATOR_CS.SC_ATAC_AGGREGATOR._LIBRARY_AGGREGATOR._PEAK_CALLER.DETECT_PEAKS.fork0.chnk26.main
2022-05-21 10:57:15 [runtime] (run:local)       ID.mCortex_ATAC_aggr.SC_ATAC_AGGREGATOR_CS.SC_ATAC_AGGREGATOR._LIBRARY_AGGREGATOR._PEAK_CALLER.DETECT_PEAKS.fork0.chnk27.main
2022-05-21 10:57:16 [runtime] (run:local)       ID.mCortex_ATAC_aggr.SC_ATAC_AGGREGATOR_CS.SC_ATAC_AGGREGATOR._LIBRARY_AGGREGATOR._PEAK_CALLER.DETECT_PEAKS.fork0.chnk28.main
2022-05-21 10:57:16 [runtime] (run:local)       ID.mCortex_ATAC_aggr.SC_ATAC_AGGREGATOR_CS.SC_ATAC_AGGREGATOR._LIBRARY_AGGREGATOR._PEAK_CALLER.DETECT_PEAKS.fork0.chnk29.main
2022-05-21 11:02:17 [runtime] (update)          ID.mCortex_ATAC_aggr.SC_ATAC_AGGREGATOR_CS.SC_ATAC_AGGREGATOR._LIBRARY_AGGREGATOR._PEAK_CALLER.DETECT_PEAKS.fork0 chunks running (5/30 completed)
2022-05-21 11:05:02 [runtime] (chunks_complete) ID.mCortex_ATAC_aggr.SC_ATAC_AGGREGATOR_CS.SC_ATAC_AGGREGATOR._LIBRARY_AGGREGATOR._PEAK_CALLER.DETECT_PEAKS
2022-05-21 11:05:02 [runtime] (run:local)       ID.mCortex_ATAC_aggr.SC_ATAC_AGGREGATOR_CS.SC_ATAC_AGGREGATOR._LIBRARY_AGGREGATOR._PEAK_CALLER.DETECT_PEAKS.fork0.join
2022-05-21 11:05:05 [runtime] (join_complete)   ID.mCortex_ATAC_aggr.SC_ATAC_AGGREGATOR_CS.SC_ATAC_AGGREGATOR._LIBRARY_AGGREGATOR._PEAK_CALLER.DETECT_PEAKS
2022-05-21 11:05:05 [runtime] (ready)           ID.mCortex_ATAC_aggr.SC_ATAC_AGGREGATOR_CS.SC_ATAC_AGGREGATOR._SC_ATAC_ANALYZER._PEAK_ANNOTATOR.COMPUTE_GC_DISTRIBUTION
2022-05-21 11:05:05 [runtime] (run:local)       ID.mCortex_ATAC_aggr.SC_ATAC_AGGREGATOR_CS.SC_ATAC_AGGREGATOR._SC_ATAC_ANALYZER._PEAK_ANNOTATOR.COMPUTE_GC_DISTRIBUTION.fork0.split
2022-05-21 11:05:05 [runtime] (ready)           ID.mCortex_ATAC_aggr.SC_ATAC_AGGREGATOR_CS.SC_ATAC_AGGREGATOR._LIBRARY_AGGREGATOR.COMPUTE_FRAGMENT_METRICS
2022-05-21 11:05:05 [runtime] (run:local)       ID.mCortex_ATAC_aggr.SC_ATAC_AGGREGATOR_CS.SC_ATAC_AGGREGATOR._LIBRARY_AGGREGATOR.COMPUTE_FRAGMENT_METRICS.fork0.split
2022-05-21 11:05:05 [runtime] (ready)           ID.mCortex_ATAC_aggr.SC_ATAC_AGGREGATOR_CS.SC_ATAC_AGGREGATOR.GENERATE_PEAK_MATRIX
2022-05-21 11:05:05 [runtime] (run:local)       ID.mCortex_ATAC_aggr.SC_ATAC_AGGREGATOR_CS.SC_ATAC_AGGREGATOR.GENERATE_PEAK_MATRIX.fork0.split
2022-05-21 11:05:05 [runtime] (ready)           ID.mCortex_ATAC_aggr.SC_ATAC_AGGREGATOR_CS.SC_ATAC_AGGREGATOR._SC_ATAC_ANALYZER._PEAK_ANNOTATOR.ANNOTATE_PEAKS
2022-05-21 11:05:05 [runtime] (run:local)       ID.mCortex_ATAC_aggr.SC_ATAC_AGGREGATOR_CS.SC_ATAC_AGGREGATOR._SC_ATAC_ANALYZER._PEAK_ANNOTATOR.ANNOTATE_PEAKS.fork0.split
2022-05-21 11:05:05 [runtime] (split_complete)  ID.mCortex_ATAC_aggr.SC_ATAC_AGGREGATOR_CS.SC_ATAC_AGGREGATOR._LIBRARY_AGGREGATOR.COMPUTE_FRAGMENT_METRICS
2022-05-21 11:05:05 [runtime] (run:local)       ID.mCortex_ATAC_aggr.SC_ATAC_AGGREGATOR_CS.SC_ATAC_AGGREGATOR._LIBRARY_AGGREGATOR.COMPUTE_FRAGMENT_METRICS.fork0.join
2022-05-21 11:05:05 [runtime] (split_complete)  ID.mCortex_ATAC_aggr.SC_ATAC_AGGREGATOR_CS.SC_ATAC_AGGREGATOR._SC_ATAC_ANALYZER._PEAK_ANNOTATOR.COMPUTE_GC_DISTRIBUTION
2022-05-21 11:05:05 [runtime] (run:local)       ID.mCortex_ATAC_aggr.SC_ATAC_AGGREGATOR_CS.SC_ATAC_AGGREGATOR._SC_ATAC_ANALYZER._PEAK_ANNOTATOR.COMPUTE_GC_DISTRIBUTION.fork0.join
2022-05-21 11:05:06 [runtime] (split_complete)  ID.mCortex_ATAC_aggr.SC_ATAC_AGGREGATOR_CS.SC_ATAC_AGGREGATOR._SC_ATAC_ANALYZER._PEAK_ANNOTATOR.ANNOTATE_PEAKS
2022-05-21 11:05:06 [runtime] (run:local)       ID.mCortex_ATAC_aggr.SC_ATAC_AGGREGATOR_CS.SC_ATAC_AGGREGATOR._SC_ATAC_ANALYZER._PEAK_ANNOTATOR.ANNOTATE_PEAKS.fork0.chnk00.main
2022-05-21 11:05:06 [runtime] (run:local)       ID.mCortex_ATAC_aggr.SC_ATAC_AGGREGATOR_CS.SC_ATAC_AGGREGATOR._SC_ATAC_ANALYZER._PEAK_ANNOTATOR.ANNOTATE_PEAKS.fork0.chnk01.main
2022-05-21 11:05:06 [runtime] (run:local)       ID.mCortex_ATAC_aggr.SC_ATAC_AGGREGATOR_CS.SC_ATAC_AGGREGATOR._SC_ATAC_ANALYZER._PEAK_ANNOTATOR.ANNOTATE_PEAKS.fork0.chnk02.main
2022-05-21 11:05:06 [runtime] (run:local)       ID.mCortex_ATAC_aggr.SC_ATAC_AGGREGATOR_CS.SC_ATAC_AGGREGATOR._SC_ATAC_ANALYZER._PEAK_ANNOTATOR.ANNOTATE_PEAKS.fork0.chnk03.main
2022-05-21 11:05:06 [runtime] (run:local)       ID.mCortex_ATAC_aggr.SC_ATAC_AGGREGATOR_CS.SC_ATAC_AGGREGATOR._SC_ATAC_ANALYZER._PEAK_ANNOTATOR.ANNOTATE_PEAKS.fork0.chnk04.main
2022-05-21 11:05:06 [runtime] (run:local)       ID.mCortex_ATAC_aggr.SC_ATAC_AGGREGATOR_CS.SC_ATAC_AGGREGATOR._SC_ATAC_ANALYZER._PEAK_ANNOTATOR.ANNOTATE_PEAKS.fork0.chnk05.main
2022-05-21 11:05:06 [runtime] (run:local)       ID.mCortex_ATAC_aggr.SC_ATAC_AGGREGATOR_CS.SC_ATAC_AGGREGATOR._SC_ATAC_ANALYZER._PEAK_ANNOTATOR.ANNOTATE_PEAKS.fork0.chnk06.main
2022-05-21 11:05:06 [runtime] (run:local)       ID.mCortex_ATAC_aggr.SC_ATAC_AGGREGATOR_CS.SC_ATAC_AGGREGATOR._SC_ATAC_ANALYZER._PEAK_ANNOTATOR.ANNOTATE_PEAKS.fork0.chnk07.main
2022-05-21 11:05:06 [runtime] (run:local)       ID.mCortex_ATAC_aggr.SC_ATAC_AGGREGATOR_CS.SC_ATAC_AGGREGATOR._SC_ATAC_ANALYZER._PEAK_ANNOTATOR.ANNOTATE_PEAKS.fork0.chnk08.main
2022-05-21 11:05:06 [runtime] (run:local)       ID.mCortex_ATAC_aggr.SC_ATAC_AGGREGATOR_CS.SC_ATAC_AGGREGATOR._SC_ATAC_ANALYZER._PEAK_ANNOTATOR.ANNOTATE_PEAKS.fork0.chnk09.main
2022-05-21 11:05:06 [runtime] (run:local)       ID.mCortex_ATAC_aggr.SC_ATAC_AGGREGATOR_CS.SC_ATAC_AGGREGATOR._SC_ATAC_ANALYZER._PEAK_ANNOTATOR.ANNOTATE_PEAKS.fork0.chnk10.main
2022-05-21 11:05:06 [runtime] (run:local)       ID.mCortex_ATAC_aggr.SC_ATAC_AGGREGATOR_CS.SC_ATAC_AGGREGATOR._SC_ATAC_ANALYZER._PEAK_ANNOTATOR.ANNOTATE_PEAKS.fork0.chnk11.main
2022-05-21 11:05:06 [runtime] (run:local)       ID.mCortex_ATAC_aggr.SC_ATAC_AGGREGATOR_CS.SC_ATAC_AGGREGATOR._SC_ATAC_ANALYZER._PEAK_ANNOTATOR.ANNOTATE_PEAKS.fork0.chnk12.main
2022-05-21 11:05:06 [runtime] (run:local)       ID.mCortex_ATAC_aggr.SC_ATAC_AGGREGATOR_CS.SC_ATAC_AGGREGATOR._SC_ATAC_ANALYZER._PEAK_ANNOTATOR.ANNOTATE_PEAKS.fork0.chnk13.main
2022-05-21 11:05:06 [runtime] (run:local)       ID.mCortex_ATAC_aggr.SC_ATAC_AGGREGATOR_CS.SC_ATAC_AGGREGATOR._SC_ATAC_ANALYZER._PEAK_ANNOTATOR.ANNOTATE_PEAKS.fork0.chnk14.main
2022-05-21 11:05:06 [runtime] (run:local)       ID.mCortex_ATAC_aggr.SC_ATAC_AGGREGATOR_CS.SC_ATAC_AGGREGATOR._SC_ATAC_ANALYZER._PEAK_ANNOTATOR.ANNOTATE_PEAKS.fork0.chnk15.main
2022-05-21 11:05:06 [runtime] (run:local)       ID.mCortex_ATAC_aggr.SC_ATAC_AGGREGATOR_CS.SC_ATAC_AGGREGATOR._SC_ATAC_ANALYZER._PEAK_ANNOTATOR.ANNOTATE_PEAKS.fork0.chnk16.main
2022-05-21 11:05:06 [runtime] (run:local)       ID.mCortex_ATAC_aggr.SC_ATAC_AGGREGATOR_CS.SC_ATAC_AGGREGATOR._SC_ATAC_ANALYZER._PEAK_ANNOTATOR.ANNOTATE_PEAKS.fork0.chnk17.main
2022-05-21 11:05:06 [runtime] (run:local)       ID.mCortex_ATAC_aggr.SC_ATAC_AGGREGATOR_CS.SC_ATAC_AGGREGATOR._SC_ATAC_ANALYZER._PEAK_ANNOTATOR.ANNOTATE_PEAKS.fork0.chnk18.main
2022-05-21 11:05:06 [runtime] (run:local)       ID.mCortex_ATAC_aggr.SC_ATAC_AGGREGATOR_CS.SC_ATAC_AGGREGATOR._SC_ATAC_ANALYZER._PEAK_ANNOTATOR.ANNOTATE_PEAKS.fork0.chnk19.main
2022-05-21 11:05:11 [runtime] (chunks_complete) ID.mCortex_ATAC_aggr.SC_ATAC_AGGREGATOR_CS.SC_ATAC_AGGREGATOR._SC_ATAC_ANALYZER._PEAK_ANNOTATOR.ANNOTATE_PEAKS
2022-05-21 11:05:11 [runtime] (run:local)       ID.mCortex_ATAC_aggr.SC_ATAC_AGGREGATOR_CS.SC_ATAC_AGGREGATOR._SC_ATAC_ANALYZER._PEAK_ANNOTATOR.ANNOTATE_PEAKS.fork0.join
2022-05-21 11:05:24 [runtime] (join_complete)   ID.mCortex_ATAC_aggr.SC_ATAC_AGGREGATOR_CS.SC_ATAC_AGGREGATOR._SC_ATAC_ANALYZER._PEAK_ANNOTATOR.COMPUTE_GC_DISTRIBUTION
2022-05-21 11:05:24 [runtime] (ready)           ID.mCortex_ATAC_aggr.SC_ATAC_AGGREGATOR_CS.SC_ATAC_AGGREGATOR._SC_ATAC_ANALYZER._PEAK_ANNOTATOR.SCAN_MOTIFS
2022-05-21 11:05:24 [runtime] (run:local)       ID.mCortex_ATAC_aggr.SC_ATAC_AGGREGATOR_CS.SC_ATAC_AGGREGATOR._SC_ATAC_ANALYZER._PEAK_ANNOTATOR.SCAN_MOTIFS.fork0.split
2022-05-21 11:05:26 [runtime] (split_complete)  ID.mCortex_ATAC_aggr.SC_ATAC_AGGREGATOR_CS.SC_ATAC_AGGREGATOR._SC_ATAC_ANALYZER._PEAK_ANNOTATOR.SCAN_MOTIFS
2022-05-21 11:05:26 [runtime] (run:local)       ID.mCortex_ATAC_aggr.SC_ATAC_AGGREGATOR_CS.SC_ATAC_AGGREGATOR._SC_ATAC_ANALYZER._PEAK_ANNOTATOR.SCAN_MOTIFS.fork0.chnk00.main
2022-05-21 11:05:26 [runtime] (run:local)       ID.mCortex_ATAC_aggr.SC_ATAC_AGGREGATOR_CS.SC_ATAC_AGGREGATOR._SC_ATAC_ANALYZER._PEAK_ANNOTATOR.SCAN_MOTIFS.fork0.chnk01.main
2022-05-21 11:05:26 [runtime] (run:local)       ID.mCortex_ATAC_aggr.SC_ATAC_AGGREGATOR_CS.SC_ATAC_AGGREGATOR._SC_ATAC_ANALYZER._PEAK_ANNOTATOR.SCAN_MOTIFS.fork0.chnk02.main
2022-05-21 11:05:26 [runtime] (run:local)       ID.mCortex_ATAC_aggr.SC_ATAC_AGGREGATOR_CS.SC_ATAC_AGGREGATOR._SC_ATAC_ANALYZER._PEAK_ANNOTATOR.SCAN_MOTIFS.fork0.chnk03.main
2022-05-21 11:05:26 [runtime] (run:local)       ID.mCortex_ATAC_aggr.SC_ATAC_AGGREGATOR_CS.SC_ATAC_AGGREGATOR._SC_ATAC_ANALYZER._PEAK_ANNOTATOR.SCAN_MOTIFS.fork0.chnk04.main
2022-05-21 11:05:26 [runtime] (run:local)       ID.mCortex_ATAC_aggr.SC_ATAC_AGGREGATOR_CS.SC_ATAC_AGGREGATOR._SC_ATAC_ANALYZER._PEAK_ANNOTATOR.SCAN_MOTIFS.fork0.chnk05.main
2022-05-21 11:05:26 [runtime] (run:local)       ID.mCortex_ATAC_aggr.SC_ATAC_AGGREGATOR_CS.SC_ATAC_AGGREGATOR._SC_ATAC_ANALYZER._PEAK_ANNOTATOR.SCAN_MOTIFS.fork0.chnk06.main
2022-05-21 11:05:26 [runtime] (run:local)       ID.mCortex_ATAC_aggr.SC_ATAC_AGGREGATOR_CS.SC_ATAC_AGGREGATOR._SC_ATAC_ANALYZER._PEAK_ANNOTATOR.SCAN_MOTIFS.fork0.chnk07.main
2022-05-21 11:05:26 [runtime] (run:local)       ID.mCortex_ATAC_aggr.SC_ATAC_AGGREGATOR_CS.SC_ATAC_AGGREGATOR._SC_ATAC_ANALYZER._PEAK_ANNOTATOR.SCAN_MOTIFS.fork0.chnk08.main
2022-05-21 11:05:26 [runtime] (run:local)       ID.mCortex_ATAC_aggr.SC_ATAC_AGGREGATOR_CS.SC_ATAC_AGGREGATOR._SC_ATAC_ANALYZER._PEAK_ANNOTATOR.SCAN_MOTIFS.fork0.chnk09.main
2022-05-21 11:05:26 [runtime] (run:local)       ID.mCortex_ATAC_aggr.SC_ATAC_AGGREGATOR_CS.SC_ATAC_AGGREGATOR._SC_ATAC_ANALYZER._PEAK_ANNOTATOR.SCAN_MOTIFS.fork0.chnk10.main
2022-05-21 11:05:26 [runtime] (run:local)       ID.mCortex_ATAC_aggr.SC_ATAC_AGGREGATOR_CS.SC_ATAC_AGGREGATOR._SC_ATAC_ANALYZER._PEAK_ANNOTATOR.SCAN_MOTIFS.fork0.chnk11.main
2022-05-21 11:05:26 [runtime] (run:local)       ID.mCortex_ATAC_aggr.SC_ATAC_AGGREGATOR_CS.SC_ATAC_AGGREGATOR._SC_ATAC_ANALYZER._PEAK_ANNOTATOR.SCAN_MOTIFS.fork0.chnk12.main
2022-05-21 11:05:26 [runtime] (run:local)       ID.mCortex_ATAC_aggr.SC_ATAC_AGGREGATOR_CS.SC_ATAC_AGGREGATOR._SC_ATAC_ANALYZER._PEAK_ANNOTATOR.SCAN_MOTIFS.fork0.chnk13.main
2022-05-21 11:05:26 [runtime] (run:local)       ID.mCortex_ATAC_aggr.SC_ATAC_AGGREGATOR_CS.SC_ATAC_AGGREGATOR._SC_ATAC_ANALYZER._PEAK_ANNOTATOR.SCAN_MOTIFS.fork0.chnk14.main
2022-05-21 11:05:26 [runtime] (run:local)       ID.mCortex_ATAC_aggr.SC_ATAC_AGGREGATOR_CS.SC_ATAC_AGGREGATOR._SC_ATAC_ANALYZER._PEAK_ANNOTATOR.SCAN_MOTIFS.fork0.chnk15.main
2022-05-21 11:05:26 [runtime] (run:local)       ID.mCortex_ATAC_aggr.SC_ATAC_AGGREGATOR_CS.SC_ATAC_AGGREGATOR._SC_ATAC_ANALYZER._PEAK_ANNOTATOR.SCAN_MOTIFS.fork0.chnk16.main
2022-05-21 11:05:26 [runtime] (run:local)       ID.mCortex_ATAC_aggr.SC_ATAC_AGGREGATOR_CS.SC_ATAC_AGGREGATOR._SC_ATAC_ANALYZER._PEAK_ANNOTATOR.SCAN_MOTIFS.fork0.chnk17.main
2022-05-21 11:05:26 [runtime] (run:local)       ID.mCortex_ATAC_aggr.SC_ATAC_AGGREGATOR_CS.SC_ATAC_AGGREGATOR._SC_ATAC_ANALYZER._PEAK_ANNOTATOR.SCAN_MOTIFS.fork0.chnk18.main
2022-05-21 11:05:26 [runtime] (run:local)       ID.mCortex_ATAC_aggr.SC_ATAC_AGGREGATOR_CS.SC_ATAC_AGGREGATOR._SC_ATAC_ANALYZER._PEAK_ANNOTATOR.SCAN_MOTIFS.fork0.chnk19.main
2022-05-21 11:05:26 [runtime] (run:local)       ID.mCortex_ATAC_aggr.SC_ATAC_AGGREGATOR_CS.SC_ATAC_AGGREGATOR._SC_ATAC_ANALYZER._PEAK_ANNOTATOR.SCAN_MOTIFS.fork0.chnk20.main
2022-05-21 11:05:26 [runtime] (run:local)       ID.mCortex_ATAC_aggr.SC_ATAC_AGGREGATOR_CS.SC_ATAC_AGGREGATOR._SC_ATAC_ANALYZER._PEAK_ANNOTATOR.SCAN_MOTIFS.fork0.chnk21.main
2022-05-21 11:05:26 [runtime] (run:local)       ID.mCortex_ATAC_aggr.SC_ATAC_AGGREGATOR_CS.SC_ATAC_AGGREGATOR._SC_ATAC_ANALYZER._PEAK_ANNOTATOR.SCAN_MOTIFS.fork0.chnk22.main
2022-05-21 11:05:26 [runtime] (run:local)       ID.mCortex_ATAC_aggr.SC_ATAC_AGGREGATOR_CS.SC_ATAC_AGGREGATOR._SC_ATAC_ANALYZER._PEAK_ANNOTATOR.SCAN_MOTIFS.fork0.chnk23.main
2022-05-21 11:05:26 [runtime] (run:local)       ID.mCortex_ATAC_aggr.SC_ATAC_AGGREGATOR_CS.SC_ATAC_AGGREGATOR._SC_ATAC_ANALYZER._PEAK_ANNOTATOR.SCAN_MOTIFS.fork0.chnk24.main
2022-05-21 11:05:31 [runtime] (join_complete)   ID.mCortex_ATAC_aggr.SC_ATAC_AGGREGATOR_CS.SC_ATAC_AGGREGATOR._SC_ATAC_ANALYZER._PEAK_ANNOTATOR.ANNOTATE_PEAKS
2022-05-21 11:05:53 [runtime] (chunks_complete) ID.mCortex_ATAC_aggr.SC_ATAC_AGGREGATOR_CS.SC_ATAC_AGGREGATOR._SC_ATAC_ANALYZER._PEAK_ANNOTATOR.SCAN_MOTIFS
2022-05-21 11:05:53 [runtime] (run:local)       ID.mCortex_ATAC_aggr.SC_ATAC_AGGREGATOR_CS.SC_ATAC_AGGREGATOR._SC_ATAC_ANALYZER._PEAK_ANNOTATOR.SCAN_MOTIFS.fork0.join
2022-05-21 11:05:55 [runtime] (join_complete)   ID.mCortex_ATAC_aggr.SC_ATAC_AGGREGATOR_CS.SC_ATAC_AGGREGATOR._SC_ATAC_ANALYZER._PEAK_ANNOTATOR.SCAN_MOTIFS
2022-05-21 11:11:06 [runtime] (update)          ID.mCortex_ATAC_aggr.SC_ATAC_AGGREGATOR_CS.SC_ATAC_AGGREGATOR._LIBRARY_AGGREGATOR.COMPUTE_FRAGMENT_METRICS.fork0 join_running
2022-05-21 11:11:06 [runtime] (update)          ID.mCortex_ATAC_aggr.SC_ATAC_AGGREGATOR_CS.SC_ATAC_AGGREGATOR.GENERATE_PEAK_MATRIX.fork0 split_running
2022-05-21 11:13:08 [runtime] (split_complete)  ID.mCortex_ATAC_aggr.SC_ATAC_AGGREGATOR_CS.SC_ATAC_AGGREGATOR.GENERATE_PEAK_MATRIX
2022-05-21 11:13:08 [runtime] (run:local)       ID.mCortex_ATAC_aggr.SC_ATAC_AGGREGATOR_CS.SC_ATAC_AGGREGATOR.GENERATE_PEAK_MATRIX.fork0.chnk00.main
2022-05-21 11:13:08 [runtime] (run:local)       ID.mCortex_ATAC_aggr.SC_ATAC_AGGREGATOR_CS.SC_ATAC_AGGREGATOR.GENERATE_PEAK_MATRIX.fork0.chnk01.main
2022-05-21 11:13:08 [runtime] (run:local)       ID.mCortex_ATAC_aggr.SC_ATAC_AGGREGATOR_CS.SC_ATAC_AGGREGATOR.GENERATE_PEAK_MATRIX.fork0.chnk02.main
2022-05-21 11:13:08 [runtime] (run:local)       ID.mCortex_ATAC_aggr.SC_ATAC_AGGREGATOR_CS.SC_ATAC_AGGREGATOR.GENERATE_PEAK_MATRIX.fork0.chnk03.main
2022-05-21 11:13:08 [runtime] (run:local)       ID.mCortex_ATAC_aggr.SC_ATAC_AGGREGATOR_CS.SC_ATAC_AGGREGATOR.GENERATE_PEAK_MATRIX.fork0.chnk04.main
2022-05-21 11:13:08 [runtime] (run:local)       ID.mCortex_ATAC_aggr.SC_ATAC_AGGREGATOR_CS.SC_ATAC_AGGREGATOR.GENERATE_PEAK_MATRIX.fork0.chnk05.main
2022-05-21 11:13:08 [runtime] (run:local)       ID.mCortex_ATAC_aggr.SC_ATAC_AGGREGATOR_CS.SC_ATAC_AGGREGATOR.GENERATE_PEAK_MATRIX.fork0.chnk06.main
2022-05-21 11:13:08 [runtime] (run:local)       ID.mCortex_ATAC_aggr.SC_ATAC_AGGREGATOR_CS.SC_ATAC_AGGREGATOR.GENERATE_PEAK_MATRIX.fork0.chnk07.main
2022-05-21 11:13:08 [runtime] (run:local)       ID.mCortex_ATAC_aggr.SC_ATAC_AGGREGATOR_CS.SC_ATAC_AGGREGATOR.GENERATE_PEAK_MATRIX.fork0.chnk08.main
2022-05-21 11:13:08 [runtime] (run:local)       ID.mCortex_ATAC_aggr.SC_ATAC_AGGREGATOR_CS.SC_ATAC_AGGREGATOR.GENERATE_PEAK_MATRIX.fork0.chnk09.main
2022-05-21 11:13:08 [runtime] (run:local)       ID.mCortex_ATAC_aggr.SC_ATAC_AGGREGATOR_CS.SC_ATAC_AGGREGATOR.GENERATE_PEAK_MATRIX.fork0.chnk10.main
2022-05-21 11:13:08 [runtime] (run:local)       ID.mCortex_ATAC_aggr.SC_ATAC_AGGREGATOR_CS.SC_ATAC_AGGREGATOR.GENERATE_PEAK_MATRIX.fork0.chnk11.main
2022-05-21 11:13:08 [runtime] (run:local)       ID.mCortex_ATAC_aggr.SC_ATAC_AGGREGATOR_CS.SC_ATAC_AGGREGATOR.GENERATE_PEAK_MATRIX.fork0.chnk12.main
2022-05-21 11:13:08 [runtime] (run:local)       ID.mCortex_ATAC_aggr.SC_ATAC_AGGREGATOR_CS.SC_ATAC_AGGREGATOR.GENERATE_PEAK_MATRIX.fork0.chnk13.main
2022-05-21 11:13:08 [runtime] (run:local)       ID.mCortex_ATAC_aggr.SC_ATAC_AGGREGATOR_CS.SC_ATAC_AGGREGATOR.GENERATE_PEAK_MATRIX.fork0.chnk14.main
2022-05-21 11:13:08 [runtime] (run:local)       ID.mCortex_ATAC_aggr.SC_ATAC_AGGREGATOR_CS.SC_ATAC_AGGREGATOR.GENERATE_PEAK_MATRIX.fork0.chnk15.main
2022-05-21 11:13:08 [runtime] (run:local)       ID.mCortex_ATAC_aggr.SC_ATAC_AGGREGATOR_CS.SC_ATAC_AGGREGATOR.GENERATE_PEAK_MATRIX.fork0.chnk16.main
2022-05-21 11:13:08 [runtime] (run:local)       ID.mCortex_ATAC_aggr.SC_ATAC_AGGREGATOR_CS.SC_ATAC_AGGREGATOR.GENERATE_PEAK_MATRIX.fork0.chnk17.main
2022-05-21 11:13:08 [runtime] (run:local)       ID.mCortex_ATAC_aggr.SC_ATAC_AGGREGATOR_CS.SC_ATAC_AGGREGATOR.GENERATE_PEAK_MATRIX.fork0.chnk18.main
2022-05-21 11:13:08 [runtime] (run:local)       ID.mCortex_ATAC_aggr.SC_ATAC_AGGREGATOR_CS.SC_ATAC_AGGREGATOR.GENERATE_PEAK_MATRIX.fork0.chnk19.main
2022-05-21 11:13:08 [runtime] (run:local)       ID.mCortex_ATAC_aggr.SC_ATAC_AGGREGATOR_CS.SC_ATAC_AGGREGATOR.GENERATE_PEAK_MATRIX.fork0.chnk20.main
2022-05-21 11:13:08 [runtime] (run:local)       ID.mCortex_ATAC_aggr.SC_ATAC_AGGREGATOR_CS.SC_ATAC_AGGREGATOR.GENERATE_PEAK_MATRIX.fork0.chnk21.main
2022-05-21 11:13:08 [runtime] (run:local)       ID.mCortex_ATAC_aggr.SC_ATAC_AGGREGATOR_CS.SC_ATAC_AGGREGATOR.GENERATE_PEAK_MATRIX.fork0.chnk22.main
2022-05-21 11:13:08 [runtime] (run:local)       ID.mCortex_ATAC_aggr.SC_ATAC_AGGREGATOR_CS.SC_ATAC_AGGREGATOR.GENERATE_PEAK_MATRIX.fork0.chnk23.main
2022-05-21 11:13:08 [runtime] (run:local)       ID.mCortex_ATAC_aggr.SC_ATAC_AGGREGATOR_CS.SC_ATAC_AGGREGATOR.GENERATE_PEAK_MATRIX.fork0.chnk24.main
2022-05-21 11:13:08 [runtime] (run:local)       ID.mCortex_ATAC_aggr.SC_ATAC_AGGREGATOR_CS.SC_ATAC_AGGREGATOR.GENERATE_PEAK_MATRIX.fork0.chnk25.main
2022-05-21 11:13:08 [runtime] (run:local)       ID.mCortex_ATAC_aggr.SC_ATAC_AGGREGATOR_CS.SC_ATAC_AGGREGATOR.GENERATE_PEAK_MATRIX.fork0.chnk26.main
2022-05-21 11:13:08 [runtime] (run:local)       ID.mCortex_ATAC_aggr.SC_ATAC_AGGREGATOR_CS.SC_ATAC_AGGREGATOR.GENERATE_PEAK_MATRIX.fork0.chnk27.main
2022-05-21 11:13:08 [runtime] (run:local)       ID.mCortex_ATAC_aggr.SC_ATAC_AGGREGATOR_CS.SC_ATAC_AGGREGATOR.GENERATE_PEAK_MATRIX.fork0.chnk28.main
2022-05-21 11:13:08 [runtime] (run:local)       ID.mCortex_ATAC_aggr.SC_ATAC_AGGREGATOR_CS.SC_ATAC_AGGREGATOR.GENERATE_PEAK_MATRIX.fork0.chnk29.main
2022-05-21 11:17:07 [runtime] (update)          ID.mCortex_ATAC_aggr.SC_ATAC_AGGREGATOR_CS.SC_ATAC_AGGREGATOR._LIBRARY_AGGREGATOR.COMPUTE_FRAGMENT_METRICS.fork0 join_running
2022-05-21 11:19:09 [runtime] (update)          ID.mCortex_ATAC_aggr.SC_ATAC_AGGREGATOR_CS.SC_ATAC_AGGREGATOR.GENERATE_PEAK_MATRIX.fork0 chunks running (0/30 completed)
2022-05-21 11:20:47 [runtime] (join_complete)   ID.mCortex_ATAC_aggr.SC_ATAC_AGGREGATOR_CS.SC_ATAC_AGGREGATOR._LIBRARY_AGGREGATOR.COMPUTE_FRAGMENT_METRICS
2022-05-21 11:20:47 [runtime] (ready)           ID.mCortex_ATAC_aggr.SC_ATAC_AGGREGATOR_CS.SC_ATAC_AGGREGATOR._LIBRARY_AGGREGATOR.SUMMARIZE_SINGLECELL_METRICS
2022-05-21 11:20:47 [runtime] (run:local)       ID.mCortex_ATAC_aggr.SC_ATAC_AGGREGATOR_CS.SC_ATAC_AGGREGATOR._LIBRARY_AGGREGATOR.SUMMARIZE_SINGLECELL_METRICS.fork0.chnk0.main
2022-05-21 11:20:50 [runtime] (chunks_complete) ID.mCortex_ATAC_aggr.SC_ATAC_AGGREGATOR_CS.SC_ATAC_AGGREGATOR._LIBRARY_AGGREGATOR.SUMMARIZE_SINGLECELL_METRICS
2022-05-21 11:20:50 [runtime] (ready)           ID.mCortex_ATAC_aggr.SC_ATAC_AGGREGATOR_CS.SC_ATAC_AGGREGATOR._LIBRARY_AGGREGATOR.MERGE_ANALYSIS_METRICS
2022-05-21 11:20:50 [runtime] (run:local)       ID.mCortex_ATAC_aggr.SC_ATAC_AGGREGATOR_CS.SC_ATAC_AGGREGATOR._LIBRARY_AGGREGATOR.MERGE_ANALYSIS_METRICS.fork0.chnk0.main
2022-05-21 11:20:51 [runtime] (chunks_complete) ID.mCortex_ATAC_aggr.SC_ATAC_AGGREGATOR_CS.SC_ATAC_AGGREGATOR._LIBRARY_AGGREGATOR.MERGE_ANALYSIS_METRICS
2022-05-21 11:22:30 [runtime] (chunks_complete) ID.mCortex_ATAC_aggr.SC_ATAC_AGGREGATOR_CS.SC_ATAC_AGGREGATOR.GENERATE_PEAK_MATRIX
2022-05-21 11:22:30 [runtime] (run:local)       ID.mCortex_ATAC_aggr.SC_ATAC_AGGREGATOR_CS.SC_ATAC_AGGREGATOR.GENERATE_PEAK_MATRIX.fork0.join
2022-05-21 11:25:50 [runtime] (join_complete)   ID.mCortex_ATAC_aggr.SC_ATAC_AGGREGATOR_CS.SC_ATAC_AGGREGATOR.GENERATE_PEAK_MATRIX
2022-05-21 11:25:50 [runtime] (ready)           ID.mCortex_ATAC_aggr.SC_ATAC_AGGREGATOR_CS.SC_ATAC_AGGREGATOR._SC_ATAC_POSTPROCESS_CELLS.FILTER_PEAK_MATRIX
2022-05-21 11:25:50 [runtime] (run:local)       ID.mCortex_ATAC_aggr.SC_ATAC_AGGREGATOR_CS.SC_ATAC_AGGREGATOR._SC_ATAC_POSTPROCESS_CELLS.FILTER_PEAK_MATRIX.fork0.split
2022-05-21 11:25:51 [runtime] (split_complete)  ID.mCortex_ATAC_aggr.SC_ATAC_AGGREGATOR_CS.SC_ATAC_AGGREGATOR._SC_ATAC_POSTPROCESS_CELLS.FILTER_PEAK_MATRIX
2022-05-21 11:25:51 [runtime] (run:local)       ID.mCortex_ATAC_aggr.SC_ATAC_AGGREGATOR_CS.SC_ATAC_AGGREGATOR._SC_ATAC_POSTPROCESS_CELLS.FILTER_PEAK_MATRIX.fork0.join
2022-05-21 11:28:08 [runtime] (join_complete)   ID.mCortex_ATAC_aggr.SC_ATAC_AGGREGATOR_CS.SC_ATAC_AGGREGATOR._SC_ATAC_POSTPROCESS_CELLS.FILTER_PEAK_MATRIX
2022-05-21 11:28:08 [runtime] (ready)           ID.mCortex_ATAC_aggr.SC_ATAC_AGGREGATOR_CS.SC_ATAC_AGGREGATOR._SC_ATAC_ANALYZER._PEAK_ANNOTATOR.GENERATE_TF_MATRIX
2022-05-21 11:28:08 [runtime] (run:local)       ID.mCortex_ATAC_aggr.SC_ATAC_AGGREGATOR_CS.SC_ATAC_AGGREGATOR._SC_ATAC_ANALYZER._PEAK_ANNOTATOR.GENERATE_TF_MATRIX.fork0.split
2022-05-21 11:28:08 [runtime] (ready)           ID.mCortex_ATAC_aggr.SC_ATAC_AGGREGATOR_CS.SC_ATAC_AGGREGATOR._SC_ATAC_ANALYZER.REDUCE_DIMENSIONS
2022-05-21 11:28:08 [runtime] (run:local)       ID.mCortex_ATAC_aggr.SC_ATAC_AGGREGATOR_CS.SC_ATAC_AGGREGATOR._SC_ATAC_ANALYZER.REDUCE_DIMENSIONS.fork0.split
2022-05-21 11:28:08 [runtime] (ready)           ID.mCortex_ATAC_aggr.SC_ATAC_AGGREGATOR_CS.SC_ATAC_AGGREGATOR._SC_ATAC_ANALYZER.ATAC_ANALYZER_PREFLIGHT
2022-05-21 11:28:08 [runtime] (run:local)       ID.mCortex_ATAC_aggr.SC_ATAC_AGGREGATOR_CS.SC_ATAC_AGGREGATOR._SC_ATAC_ANALYZER.ATAC_ANALYZER_PREFLIGHT.fork0.chnk0.main
2022-05-21 11:28:09 [runtime] (chunks_complete) ID.mCortex_ATAC_aggr.SC_ATAC_AGGREGATOR_CS.SC_ATAC_AGGREGATOR._SC_ATAC_ANALYZER.ATAC_ANALYZER_PREFLIGHT
2022-05-21 11:28:10 [runtime] (split_complete)  ID.mCortex_ATAC_aggr.SC_ATAC_AGGREGATOR_CS.SC_ATAC_AGGREGATOR._SC_ATAC_ANALYZER.REDUCE_DIMENSIONS
2022-05-21 11:28:10 [runtime] (run:local)       ID.mCortex_ATAC_aggr.SC_ATAC_AGGREGATOR_CS.SC_ATAC_AGGREGATOR._SC_ATAC_ANALYZER.REDUCE_DIMENSIONS.fork0.chnk0.main
2022-05-21 11:28:11 [runtime] (split_complete)  ID.mCortex_ATAC_aggr.SC_ATAC_AGGREGATOR_CS.SC_ATAC_AGGREGATOR._SC_ATAC_ANALYZER._PEAK_ANNOTATOR.GENERATE_TF_MATRIX
2022-05-21 11:28:11 [runtime] (run:local)       ID.mCortex_ATAC_aggr.SC_ATAC_AGGREGATOR_CS.SC_ATAC_AGGREGATOR._SC_ATAC_ANALYZER._PEAK_ANNOTATOR.GENERATE_TF_MATRIX.fork0.join
2022-05-21 11:29:23 [runtime] (join_complete)   ID.mCortex_ATAC_aggr.SC_ATAC_AGGREGATOR_CS.SC_ATAC_AGGREGATOR._SC_ATAC_ANALYZER._PEAK_ANNOTATOR.GENERATE_TF_MATRIX
2022-05-21 11:30:17 [runtime] (chunks_complete) ID.mCortex_ATAC_aggr.SC_ATAC_AGGREGATOR_CS.SC_ATAC_AGGREGATOR._SC_ATAC_ANALYZER.REDUCE_DIMENSIONS
2022-05-21 11:30:17 [runtime] (run:local)       ID.mCortex_ATAC_aggr.SC_ATAC_AGGREGATOR_CS.SC_ATAC_AGGREGATOR._SC_ATAC_ANALYZER.REDUCE_DIMENSIONS.fork0.join
2022-05-21 11:30:18 [runtime] (join_complete)   ID.mCortex_ATAC_aggr.SC_ATAC_AGGREGATOR_CS.SC_ATAC_AGGREGATOR._SC_ATAC_ANALYZER.REDUCE_DIMENSIONS
2022-05-21 11:30:18 [runtime] (ready)           ID.mCortex_ATAC_aggr.SC_ATAC_AGGREGATOR_CS.SC_ATAC_AGGREGATOR._SC_ATAC_ANALYZER.ATAC_RUN_GRAPH_CLUSTERING
2022-05-21 11:30:18 [runtime] (run:local)       ID.mCortex_ATAC_aggr.SC_ATAC_AGGREGATOR_CS.SC_ATAC_AGGREGATOR._SC_ATAC_ANALYZER.ATAC_RUN_GRAPH_CLUSTERING.fork0.split
2022-05-21 11:30:18 [runtime] (ready)           ID.mCortex_ATAC_aggr.SC_ATAC_AGGREGATOR_CS.SC_ATAC_AGGREGATOR._SC_ATAC_ANALYZER.CLUSTER_CELLS
2022-05-21 11:30:18 [runtime] (run:local)       ID.mCortex_ATAC_aggr.SC_ATAC_AGGREGATOR_CS.SC_ATAC_AGGREGATOR._SC_ATAC_ANALYZER.CLUSTER_CELLS.fork0.split
2022-05-21 11:30:18 [runtime] (ready)           ID.mCortex_ATAC_aggr.SC_ATAC_AGGREGATOR_CS.SC_ATAC_AGGREGATOR._SC_ATAC_ANALYZER.RUN_MANIFOLD_PROJECTION
2022-05-21 11:30:18 [runtime] (run:local)       ID.mCortex_ATAC_aggr.SC_ATAC_AGGREGATOR_CS.SC_ATAC_AGGREGATOR._SC_ATAC_ANALYZER.RUN_MANIFOLD_PROJECTION.fork0.split
2022-05-21 11:30:19 [runtime] (split_complete)  ID.mCortex_ATAC_aggr.SC_ATAC_AGGREGATOR_CS.SC_ATAC_AGGREGATOR._SC_ATAC_ANALYZER.ATAC_RUN_GRAPH_CLUSTERING
2022-05-21 11:30:19 [runtime] (run:local)       ID.mCortex_ATAC_aggr.SC_ATAC_AGGREGATOR_CS.SC_ATAC_AGGREGATOR._SC_ATAC_ANALYZER.ATAC_RUN_GRAPH_CLUSTERING.fork0.chnk0.main
2022-05-21 11:30:20 [runtime] (split_complete)  ID.mCortex_ATAC_aggr.SC_ATAC_AGGREGATOR_CS.SC_ATAC_AGGREGATOR._SC_ATAC_ANALYZER.CLUSTER_CELLS
2022-05-21 11:30:20 [runtime] (run:local)       ID.mCortex_ATAC_aggr.SC_ATAC_AGGREGATOR_CS.SC_ATAC_AGGREGATOR._SC_ATAC_ANALYZER.CLUSTER_CELLS.fork0.chnk0.main
2022-05-21 11:30:20 [runtime] (run:local)       ID.mCortex_ATAC_aggr.SC_ATAC_AGGREGATOR_CS.SC_ATAC_AGGREGATOR._SC_ATAC_ANALYZER.CLUSTER_CELLS.fork0.chnk1.main
2022-05-21 11:30:20 [runtime] (run:local)       ID.mCortex_ATAC_aggr.SC_ATAC_AGGREGATOR_CS.SC_ATAC_AGGREGATOR._SC_ATAC_ANALYZER.CLUSTER_CELLS.fork0.chnk2.main
2022-05-21 11:30:20 [runtime] (run:local)       ID.mCortex_ATAC_aggr.SC_ATAC_AGGREGATOR_CS.SC_ATAC_AGGREGATOR._SC_ATAC_ANALYZER.CLUSTER_CELLS.fork0.chnk3.main
2022-05-21 11:30:20 [runtime] (run:local)       ID.mCortex_ATAC_aggr.SC_ATAC_AGGREGATOR_CS.SC_ATAC_AGGREGATOR._SC_ATAC_ANALYZER.CLUSTER_CELLS.fork0.chnk4.main
2022-05-21 11:30:20 [runtime] (run:local)       ID.mCortex_ATAC_aggr.SC_ATAC_AGGREGATOR_CS.SC_ATAC_AGGREGATOR._SC_ATAC_ANALYZER.CLUSTER_CELLS.fork0.chnk5.main
2022-05-21 11:30:20 [runtime] (run:local)       ID.mCortex_ATAC_aggr.SC_ATAC_AGGREGATOR_CS.SC_ATAC_AGGREGATOR._SC_ATAC_ANALYZER.CLUSTER_CELLS.fork0.chnk6.main
2022-05-21 11:30:20 [runtime] (run:local)       ID.mCortex_ATAC_aggr.SC_ATAC_AGGREGATOR_CS.SC_ATAC_AGGREGATOR._SC_ATAC_ANALYZER.CLUSTER_CELLS.fork0.chnk7.main
2022-05-21 11:30:20 [runtime] (run:local)       ID.mCortex_ATAC_aggr.SC_ATAC_AGGREGATOR_CS.SC_ATAC_AGGREGATOR._SC_ATAC_ANALYZER.CLUSTER_CELLS.fork0.chnk8.main
2022-05-21 11:30:21 [runtime] (split_complete)  ID.mCortex_ATAC_aggr.SC_ATAC_AGGREGATOR_CS.SC_ATAC_AGGREGATOR._SC_ATAC_ANALYZER.RUN_MANIFOLD_PROJECTION
2022-05-21 11:30:21 [runtime] (run:local)       ID.mCortex_ATAC_aggr.SC_ATAC_AGGREGATOR_CS.SC_ATAC_AGGREGATOR._SC_ATAC_ANALYZER.RUN_MANIFOLD_PROJECTION.fork0.chnk0.main
2022-05-21 11:30:22 [runtime] (chunks_complete) ID.mCortex_ATAC_aggr.SC_ATAC_AGGREGATOR_CS.SC_ATAC_AGGREGATOR._SC_ATAC_ANALYZER.CLUSTER_CELLS
2022-05-21 11:30:22 [runtime] (run:local)       ID.mCortex_ATAC_aggr.SC_ATAC_AGGREGATOR_CS.SC_ATAC_AGGREGATOR._SC_ATAC_ANALYZER.CLUSTER_CELLS.fork0.join
2022-05-21 11:30:23 [runtime] (chunks_complete) ID.mCortex_ATAC_aggr.SC_ATAC_AGGREGATOR_CS.SC_ATAC_AGGREGATOR._SC_ATAC_ANALYZER.ATAC_RUN_GRAPH_CLUSTERING
2022-05-21 11:30:23 [runtime] (run:local)       ID.mCortex_ATAC_aggr.SC_ATAC_AGGREGATOR_CS.SC_ATAC_AGGREGATOR._SC_ATAC_ANALYZER.ATAC_RUN_GRAPH_CLUSTERING.fork0.join
2022-05-21 11:30:24 [runtime] (join_complete)   ID.mCortex_ATAC_aggr.SC_ATAC_AGGREGATOR_CS.SC_ATAC_AGGREGATOR._SC_ATAC_ANALYZER.CLUSTER_CELLS
2022-05-21 11:30:33 [runtime] (join_complete)   ID.mCortex_ATAC_aggr.SC_ATAC_AGGREGATOR_CS.SC_ATAC_AGGREGATOR._SC_ATAC_ANALYZER.ATAC_RUN_GRAPH_CLUSTERING
2022-05-21 11:30:33 [runtime] (ready)           ID.mCortex_ATAC_aggr.SC_ATAC_AGGREGATOR_CS.SC_ATAC_AGGREGATOR._SC_ATAC_ANALYZER.ATAC_COMBINE_CLUSTERING
2022-05-21 11:30:33 [runtime] (run:local)       ID.mCortex_ATAC_aggr.SC_ATAC_AGGREGATOR_CS.SC_ATAC_AGGREGATOR._SC_ATAC_ANALYZER.ATAC_COMBINE_CLUSTERING.fork0.chnk0.main
2022-05-21 11:30:34 [runtime] (chunks_complete) ID.mCortex_ATAC_aggr.SC_ATAC_AGGREGATOR_CS.SC_ATAC_AGGREGATOR._SC_ATAC_ANALYZER.ATAC_COMBINE_CLUSTERING
2022-05-21 11:30:34 [runtime] (ready)           ID.mCortex_ATAC_aggr.SC_ATAC_AGGREGATOR_CS.SC_ATAC_AGGREGATOR._SC_ATAC_ANALYZER.PERFORM_DIFFERENTIAL_ANALYSIS
2022-05-21 11:30:34 [runtime] (run:local)       ID.mCortex_ATAC_aggr.SC_ATAC_AGGREGATOR_CS.SC_ATAC_AGGREGATOR._SC_ATAC_ANALYZER.PERFORM_DIFFERENTIAL_ANALYSIS.fork0.split
2022-05-21 11:30:35 [runtime] (split_complete)  ID.mCortex_ATAC_aggr.SC_ATAC_AGGREGATOR_CS.SC_ATAC_AGGREGATOR._SC_ATAC_ANALYZER.PERFORM_DIFFERENTIAL_ANALYSIS
2022-05-21 11:30:35 [runtime] (run:local)       ID.mCortex_ATAC_aggr.SC_ATAC_AGGREGATOR_CS.SC_ATAC_AGGREGATOR._SC_ATAC_ANALYZER.PERFORM_DIFFERENTIAL_ANALYSIS.fork0.chnk00.main
2022-05-21 11:30:35 [runtime] (run:local)       ID.mCortex_ATAC_aggr.SC_ATAC_AGGREGATOR_CS.SC_ATAC_AGGREGATOR._SC_ATAC_ANALYZER.PERFORM_DIFFERENTIAL_ANALYSIS.fork0.chnk01.main
2022-05-21 11:30:35 [runtime] (run:local)       ID.mCortex_ATAC_aggr.SC_ATAC_AGGREGATOR_CS.SC_ATAC_AGGREGATOR._SC_ATAC_ANALYZER.PERFORM_DIFFERENTIAL_ANALYSIS.fork0.chnk02.main
2022-05-21 11:30:35 [runtime] (run:local)       ID.mCortex_ATAC_aggr.SC_ATAC_AGGREGATOR_CS.SC_ATAC_AGGREGATOR._SC_ATAC_ANALYZER.PERFORM_DIFFERENTIAL_ANALYSIS.fork0.chnk03.main
2022-05-21 11:30:35 [runtime] (run:local)       ID.mCortex_ATAC_aggr.SC_ATAC_AGGREGATOR_CS.SC_ATAC_AGGREGATOR._SC_ATAC_ANALYZER.PERFORM_DIFFERENTIAL_ANALYSIS.fork0.chnk04.main
2022-05-21 11:30:35 [runtime] (run:local)       ID.mCortex_ATAC_aggr.SC_ATAC_AGGREGATOR_CS.SC_ATAC_AGGREGATOR._SC_ATAC_ANALYZER.PERFORM_DIFFERENTIAL_ANALYSIS.fork0.chnk05.main
2022-05-21 11:30:35 [runtime] (run:local)       ID.mCortex_ATAC_aggr.SC_ATAC_AGGREGATOR_CS.SC_ATAC_AGGREGATOR._SC_ATAC_ANALYZER.PERFORM_DIFFERENTIAL_ANALYSIS.fork0.chnk06.main
2022-05-21 11:30:35 [runtime] (run:local)       ID.mCortex_ATAC_aggr.SC_ATAC_AGGREGATOR_CS.SC_ATAC_AGGREGATOR._SC_ATAC_ANALYZER.PERFORM_DIFFERENTIAL_ANALYSIS.fork0.chnk07.main
2022-05-21 11:30:35 [runtime] (run:local)       ID.mCortex_ATAC_aggr.SC_ATAC_AGGREGATOR_CS.SC_ATAC_AGGREGATOR._SC_ATAC_ANALYZER.PERFORM_DIFFERENTIAL_ANALYSIS.fork0.chnk08.main
2022-05-21 11:30:35 [runtime] (run:local)       ID.mCortex_ATAC_aggr.SC_ATAC_AGGREGATOR_CS.SC_ATAC_AGGREGATOR._SC_ATAC_ANALYZER.PERFORM_DIFFERENTIAL_ANALYSIS.fork0.chnk09.main
2022-05-21 11:30:35 [runtime] (run:local)       ID.mCortex_ATAC_aggr.SC_ATAC_AGGREGATOR_CS.SC_ATAC_AGGREGATOR._SC_ATAC_ANALYZER.PERFORM_DIFFERENTIAL_ANALYSIS.fork0.chnk10.main
2022-05-21 11:30:35 [runtime] (run:local)       ID.mCortex_ATAC_aggr.SC_ATAC_AGGREGATOR_CS.SC_ATAC_AGGREGATOR._SC_ATAC_ANALYZER.PERFORM_DIFFERENTIAL_ANALYSIS.fork0.chnk11.main
2022-05-21 11:30:35 [runtime] (run:local)       ID.mCortex_ATAC_aggr.SC_ATAC_AGGREGATOR_CS.SC_ATAC_AGGREGATOR._SC_ATAC_ANALYZER.PERFORM_DIFFERENTIAL_ANALYSIS.fork0.chnk12.main
2022-05-21 11:30:35 [runtime] (run:local)       ID.mCortex_ATAC_aggr.SC_ATAC_AGGREGATOR_CS.SC_ATAC_AGGREGATOR._SC_ATAC_ANALYZER.PERFORM_DIFFERENTIAL_ANALYSIS.fork0.chnk13.main
2022-05-21 11:30:35 [runtime] (run:local)       ID.mCortex_ATAC_aggr.SC_ATAC_AGGREGATOR_CS.SC_ATAC_AGGREGATOR._SC_ATAC_ANALYZER.PERFORM_DIFFERENTIAL_ANALYSIS.fork0.chnk14.main
2022-05-21 11:30:35 [runtime] (run:local)       ID.mCortex_ATAC_aggr.SC_ATAC_AGGREGATOR_CS.SC_ATAC_AGGREGATOR._SC_ATAC_ANALYZER.PERFORM_DIFFERENTIAL_ANALYSIS.fork0.chnk15.main
2022-05-21 11:30:35 [runtime] (run:local)       ID.mCortex_ATAC_aggr.SC_ATAC_AGGREGATOR_CS.SC_ATAC_AGGREGATOR._SC_ATAC_ANALYZER.PERFORM_DIFFERENTIAL_ANALYSIS.fork0.chnk16.main
2022-05-21 11:30:35 [runtime] (run:local)       ID.mCortex_ATAC_aggr.SC_ATAC_AGGREGATOR_CS.SC_ATAC_AGGREGATOR._SC_ATAC_ANALYZER.PERFORM_DIFFERENTIAL_ANALYSIS.fork0.chnk17.main
2022-05-21 11:30:35 [runtime] (run:local)       ID.mCortex_ATAC_aggr.SC_ATAC_AGGREGATOR_CS.SC_ATAC_AGGREGATOR._SC_ATAC_ANALYZER.PERFORM_DIFFERENTIAL_ANALYSIS.fork0.chnk18.main
2022-05-21 11:30:35 [runtime] (run:local)       ID.mCortex_ATAC_aggr.SC_ATAC_AGGREGATOR_CS.SC_ATAC_AGGREGATOR._SC_ATAC_ANALYZER.PERFORM_DIFFERENTIAL_ANALYSIS.fork0.chnk19.main
2022-05-21 11:30:35 [runtime] (run:local)       ID.mCortex_ATAC_aggr.SC_ATAC_AGGREGATOR_CS.SC_ATAC_AGGREGATOR._SC_ATAC_ANALYZER.PERFORM_DIFFERENTIAL_ANALYSIS.fork0.chnk20.main
2022-05-21 11:30:35 [runtime] (run:local)       ID.mCortex_ATAC_aggr.SC_ATAC_AGGREGATOR_CS.SC_ATAC_AGGREGATOR._SC_ATAC_ANALYZER.PERFORM_DIFFERENTIAL_ANALYSIS.fork0.chnk21.main
2022-05-21 11:30:35 [runtime] (run:local)       ID.mCortex_ATAC_aggr.SC_ATAC_AGGREGATOR_CS.SC_ATAC_AGGREGATOR._SC_ATAC_ANALYZER.PERFORM_DIFFERENTIAL_ANALYSIS.fork0.chnk22.main
2022-05-21 11:30:35 [runtime] (run:local)       ID.mCortex_ATAC_aggr.SC_ATAC_AGGREGATOR_CS.SC_ATAC_AGGREGATOR._SC_ATAC_ANALYZER.PERFORM_DIFFERENTIAL_ANALYSIS.fork0.chnk23.main
2022-05-21 11:30:35 [runtime] (run:local)       ID.mCortex_ATAC_aggr.SC_ATAC_AGGREGATOR_CS.SC_ATAC_AGGREGATOR._SC_ATAC_ANALYZER.PERFORM_DIFFERENTIAL_ANALYSIS.fork0.chnk24.main
2022-05-21 11:30:35 [runtime] (run:local)       ID.mCortex_ATAC_aggr.SC_ATAC_AGGREGATOR_CS.SC_ATAC_AGGREGATOR._SC_ATAC_ANALYZER.PERFORM_DIFFERENTIAL_ANALYSIS.fork0.chnk25.main
2022-05-21 11:30:35 [runtime] (run:local)       ID.mCortex_ATAC_aggr.SC_ATAC_AGGREGATOR_CS.SC_ATAC_AGGREGATOR._SC_ATAC_ANALYZER.PERFORM_DIFFERENTIAL_ANALYSIS.fork0.chnk26.main
2022-05-21 11:30:35 [runtime] (run:local)       ID.mCortex_ATAC_aggr.SC_ATAC_AGGREGATOR_CS.SC_ATAC_AGGREGATOR._SC_ATAC_ANALYZER.PERFORM_DIFFERENTIAL_ANALYSIS.fork0.chnk27.main
2022-05-21 11:30:35 [runtime] (run:local)       ID.mCortex_ATAC_aggr.SC_ATAC_AGGREGATOR_CS.SC_ATAC_AGGREGATOR._SC_ATAC_ANALYZER.PERFORM_DIFFERENTIAL_ANALYSIS.fork0.chnk28.main
2022-05-21 11:30:35 [runtime] (run:local)       ID.mCortex_ATAC_aggr.SC_ATAC_AGGREGATOR_CS.SC_ATAC_AGGREGATOR._SC_ATAC_ANALYZER.PERFORM_DIFFERENTIAL_ANALYSIS.fork0.chnk29.main
2022-05-21 11:30:35 [runtime] (run:local)       ID.mCortex_ATAC_aggr.SC_ATAC_AGGREGATOR_CS.SC_ATAC_AGGREGATOR._SC_ATAC_ANALYZER.PERFORM_DIFFERENTIAL_ANALYSIS.fork0.chnk30.main
2022-05-21 11:30:35 [runtime] (run:local)       ID.mCortex_ATAC_aggr.SC_ATAC_AGGREGATOR_CS.SC_ATAC_AGGREGATOR._SC_ATAC_ANALYZER.PERFORM_DIFFERENTIAL_ANALYSIS.fork0.chnk31.main
2022-05-21 11:30:35 [runtime] (run:local)       ID.mCortex_ATAC_aggr.SC_ATAC_AGGREGATOR_CS.SC_ATAC_AGGREGATOR._SC_ATAC_ANALYZER.PERFORM_DIFFERENTIAL_ANALYSIS.fork0.chnk32.main
2022-05-21 11:30:35 [runtime] (run:local)       ID.mCortex_ATAC_aggr.SC_ATAC_AGGREGATOR_CS.SC_ATAC_AGGREGATOR._SC_ATAC_ANALYZER.PERFORM_DIFFERENTIAL_ANALYSIS.fork0.chnk33.main
2022-05-21 11:30:35 [runtime] (run:local)       ID.mCortex_ATAC_aggr.SC_ATAC_AGGREGATOR_CS.SC_ATAC_AGGREGATOR._SC_ATAC_ANALYZER.PERFORM_DIFFERENTIAL_ANALYSIS.fork0.chnk34.main
2022-05-21 11:30:35 [runtime] (run:local)       ID.mCortex_ATAC_aggr.SC_ATAC_AGGREGATOR_CS.SC_ATAC_AGGREGATOR._SC_ATAC_ANALYZER.PERFORM_DIFFERENTIAL_ANALYSIS.fork0.chnk35.main
2022-05-21 11:30:35 [runtime] (run:local)       ID.mCortex_ATAC_aggr.SC_ATAC_AGGREGATOR_CS.SC_ATAC_AGGREGATOR._SC_ATAC_ANALYZER.PERFORM_DIFFERENTIAL_ANALYSIS.fork0.chnk36.main
2022-05-21 11:30:35 [runtime] (run:local)       ID.mCortex_ATAC_aggr.SC_ATAC_AGGREGATOR_CS.SC_ATAC_AGGREGATOR._SC_ATAC_ANALYZER.PERFORM_DIFFERENTIAL_ANALYSIS.fork0.chnk37.main
2022-05-21 11:30:35 [runtime] (run:local)       ID.mCortex_ATAC_aggr.SC_ATAC_AGGREGATOR_CS.SC_ATAC_AGGREGATOR._SC_ATAC_ANALYZER.PERFORM_DIFFERENTIAL_ANALYSIS.fork0.chnk38.main
2022-05-21 11:30:35 [runtime] (run:local)       ID.mCortex_ATAC_aggr.SC_ATAC_AGGREGATOR_CS.SC_ATAC_AGGREGATOR._SC_ATAC_ANALYZER.PERFORM_DIFFERENTIAL_ANALYSIS.fork0.chnk39.main
2022-05-21 11:30:35 [runtime] (run:local)       ID.mCortex_ATAC_aggr.SC_ATAC_AGGREGATOR_CS.SC_ATAC_AGGREGATOR._SC_ATAC_ANALYZER.PERFORM_DIFFERENTIAL_ANALYSIS.fork0.chnk40.main
2022-05-21 11:30:35 [runtime] (run:local)       ID.mCortex_ATAC_aggr.SC_ATAC_AGGREGATOR_CS.SC_ATAC_AGGREGATOR._SC_ATAC_ANALYZER.PERFORM_DIFFERENTIAL_ANALYSIS.fork0.chnk41.main
2022-05-21 11:30:35 [runtime] (run:local)       ID.mCortex_ATAC_aggr.SC_ATAC_AGGREGATOR_CS.SC_ATAC_AGGREGATOR._SC_ATAC_ANALYZER.PERFORM_DIFFERENTIAL_ANALYSIS.fork0.chnk42.main
2022-05-21 11:30:35 [runtime] (run:local)       ID.mCortex_ATAC_aggr.SC_ATAC_AGGREGATOR_CS.SC_ATAC_AGGREGATOR._SC_ATAC_ANALYZER.PERFORM_DIFFERENTIAL_ANALYSIS.fork0.chnk43.main
2022-05-21 11:30:35 [runtime] (run:local)       ID.mCortex_ATAC_aggr.SC_ATAC_AGGREGATOR_CS.SC_ATAC_AGGREGATOR._SC_ATAC_ANALYZER.PERFORM_DIFFERENTIAL_ANALYSIS.fork0.chnk44.main
2022-05-21 11:30:35 [runtime] (run:local)       ID.mCortex_ATAC_aggr.SC_ATAC_AGGREGATOR_CS.SC_ATAC_AGGREGATOR._SC_ATAC_ANALYZER.PERFORM_DIFFERENTIAL_ANALYSIS.fork0.chnk45.main
2022-05-21 11:30:35 [runtime] (run:local)       ID.mCortex_ATAC_aggr.SC_ATAC_AGGREGATOR_CS.SC_ATAC_AGGREGATOR._SC_ATAC_ANALYZER.PERFORM_DIFFERENTIAL_ANALYSIS.fork0.chnk46.main
2022-05-21 11:30:35 [runtime] (run:local)       ID.mCortex_ATAC_aggr.SC_ATAC_AGGREGATOR_CS.SC_ATAC_AGGREGATOR._SC_ATAC_ANALYZER.PERFORM_DIFFERENTIAL_ANALYSIS.fork0.chnk47.main
2022-05-21 11:30:35 [runtime] (run:local)       ID.mCortex_ATAC_aggr.SC_ATAC_AGGREGATOR_CS.SC_ATAC_AGGREGATOR._SC_ATAC_ANALYZER.PERFORM_DIFFERENTIAL_ANALYSIS.fork0.chnk48.main
2022-05-21 11:30:35 [runtime] (run:local)       ID.mCortex_ATAC_aggr.SC_ATAC_AGGREGATOR_CS.SC_ATAC_AGGREGATOR._SC_ATAC_ANALYZER.PERFORM_DIFFERENTIAL_ANALYSIS.fork0.chnk49.main
2022-05-21 11:30:35 [runtime] (run:local)       ID.mCortex_ATAC_aggr.SC_ATAC_AGGREGATOR_CS.SC_ATAC_AGGREGATOR._SC_ATAC_ANALYZER.PERFORM_DIFFERENTIAL_ANALYSIS.fork0.chnk50.main
2022-05-21 11:30:35 [runtime] (run:local)       ID.mCortex_ATAC_aggr.SC_ATAC_AGGREGATOR_CS.SC_ATAC_AGGREGATOR._SC_ATAC_ANALYZER.PERFORM_DIFFERENTIAL_ANALYSIS.fork0.chnk51.main
2022-05-21 11:30:35 [runtime] (run:local)       ID.mCortex_ATAC_aggr.SC_ATAC_AGGREGATOR_CS.SC_ATAC_AGGREGATOR._SC_ATAC_ANALYZER.PERFORM_DIFFERENTIAL_ANALYSIS.fork0.chnk52.main
2022-05-21 11:30:35 [runtime] (run:local)       ID.mCortex_ATAC_aggr.SC_ATAC_AGGREGATOR_CS.SC_ATAC_AGGREGATOR._SC_ATAC_ANALYZER.PERFORM_DIFFERENTIAL_ANALYSIS.fork0.chnk53.main
2022-05-21 11:30:35 [runtime] (run:local)       ID.mCortex_ATAC_aggr.SC_ATAC_AGGREGATOR_CS.SC_ATAC_AGGREGATOR._SC_ATAC_ANALYZER.PERFORM_DIFFERENTIAL_ANALYSIS.fork0.chnk54.main
2022-05-21 11:30:35 [runtime] (run:local)       ID.mCortex_ATAC_aggr.SC_ATAC_AGGREGATOR_CS.SC_ATAC_AGGREGATOR._SC_ATAC_ANALYZER.PERFORM_DIFFERENTIAL_ANALYSIS.fork0.chnk55.main
2022-05-21 11:30:35 [runtime] (run:local)       ID.mCortex_ATAC_aggr.SC_ATAC_AGGREGATOR_CS.SC_ATAC_AGGREGATOR._SC_ATAC_ANALYZER.PERFORM_DIFFERENTIAL_ANALYSIS.fork0.chnk56.main
2022-05-21 11:30:35 [runtime] (run:local)       ID.mCortex_ATAC_aggr.SC_ATAC_AGGREGATOR_CS.SC_ATAC_AGGREGATOR._SC_ATAC_ANALYZER.PERFORM_DIFFERENTIAL_ANALYSIS.fork0.chnk57.main
2022-05-21 11:30:35 [runtime] (run:local)       ID.mCortex_ATAC_aggr.SC_ATAC_AGGREGATOR_CS.SC_ATAC_AGGREGATOR._SC_ATAC_ANALYZER.PERFORM_DIFFERENTIAL_ANALYSIS.fork0.chnk58.main
2022-05-21 11:30:35 [runtime] (run:local)       ID.mCortex_ATAC_aggr.SC_ATAC_AGGREGATOR_CS.SC_ATAC_AGGREGATOR._SC_ATAC_ANALYZER.PERFORM_DIFFERENTIAL_ANALYSIS.fork0.chnk59.main
2022-05-21 11:30:35 [runtime] (run:local)       ID.mCortex_ATAC_aggr.SC_ATAC_AGGREGATOR_CS.SC_ATAC_AGGREGATOR._SC_ATAC_ANALYZER.PERFORM_DIFFERENTIAL_ANALYSIS.fork0.chnk60.main
2022-05-21 11:30:35 [runtime] (run:local)       ID.mCortex_ATAC_aggr.SC_ATAC_AGGREGATOR_CS.SC_ATAC_AGGREGATOR._SC_ATAC_ANALYZER.PERFORM_DIFFERENTIAL_ANALYSIS.fork0.chnk61.main
2022-05-21 11:30:35 [runtime] (run:local)       ID.mCortex_ATAC_aggr.SC_ATAC_AGGREGATOR_CS.SC_ATAC_AGGREGATOR._SC_ATAC_ANALYZER.PERFORM_DIFFERENTIAL_ANALYSIS.fork0.chnk62.main
2022-05-21 11:30:35 [runtime] (run:local)       ID.mCortex_ATAC_aggr.SC_ATAC_AGGREGATOR_CS.SC_ATAC_AGGREGATOR._SC_ATAC_ANALYZER.PERFORM_DIFFERENTIAL_ANALYSIS.fork0.chnk63.main
2022-05-21 11:30:35 [runtime] (run:local)       ID.mCortex_ATAC_aggr.SC_ATAC_AGGREGATOR_CS.SC_ATAC_AGGREGATOR._SC_ATAC_ANALYZER.PERFORM_DIFFERENTIAL_ANALYSIS.fork0.chnk64.main
2022-05-21 11:30:35 [runtime] (run:local)       ID.mCortex_ATAC_aggr.SC_ATAC_AGGREGATOR_CS.SC_ATAC_AGGREGATOR._SC_ATAC_ANALYZER.PERFORM_DIFFERENTIAL_ANALYSIS.fork0.chnk65.main
2022-05-21 11:30:35 [runtime] (run:local)       ID.mCortex_ATAC_aggr.SC_ATAC_AGGREGATOR_CS.SC_ATAC_AGGREGATOR._SC_ATAC_ANALYZER.PERFORM_DIFFERENTIAL_ANALYSIS.fork0.chnk66.main
2022-05-21 11:30:35 [runtime] (run:local)       ID.mCortex_ATAC_aggr.SC_ATAC_AGGREGATOR_CS.SC_ATAC_AGGREGATOR._SC_ATAC_ANALYZER.PERFORM_DIFFERENTIAL_ANALYSIS.fork0.chnk67.main
2022-05-21 11:30:35 [runtime] (run:local)       ID.mCortex_ATAC_aggr.SC_ATAC_AGGREGATOR_CS.SC_ATAC_AGGREGATOR._SC_ATAC_ANALYZER.PERFORM_DIFFERENTIAL_ANALYSIS.fork0.chnk68.main
2022-05-21 11:30:35 [runtime] (run:local)       ID.mCortex_ATAC_aggr.SC_ATAC_AGGREGATOR_CS.SC_ATAC_AGGREGATOR._SC_ATAC_ANALYZER.PERFORM_DIFFERENTIAL_ANALYSIS.fork0.chnk69.main
2022-05-21 11:31:02 [runtime] (chunks_complete) ID.mCortex_ATAC_aggr.SC_ATAC_AGGREGATOR_CS.SC_ATAC_AGGREGATOR._SC_ATAC_ANALYZER.RUN_MANIFOLD_PROJECTION
2022-05-21 11:31:02 [runtime] (run:local)       ID.mCortex_ATAC_aggr.SC_ATAC_AGGREGATOR_CS.SC_ATAC_AGGREGATOR._SC_ATAC_ANALYZER.RUN_MANIFOLD_PROJECTION.fork0.join
2022-05-21 11:36:09 [runtime] (update)          ID.mCortex_ATAC_aggr.SC_ATAC_AGGREGATOR_CS.SC_ATAC_AGGREGATOR._SC_ATAC_ANALYZER.PERFORM_DIFFERENTIAL_ANALYSIS.fork0 chunks running (10/70 completed)
2022-05-21 11:41:36 [runtime] (update)          ID.mCortex_ATAC_aggr.SC_ATAC_AGGREGATOR_CS.SC_ATAC_AGGREGATOR._SC_ATAC_ANALYZER.PERFORM_DIFFERENTIAL_ANALYSIS.fork0 chunks running (21/70 completed)
2022-05-21 11:47:11 [runtime] (update)          ID.mCortex_ATAC_aggr.SC_ATAC_AGGREGATOR_CS.SC_ATAC_AGGREGATOR._SC_ATAC_ANALYZER.PERFORM_DIFFERENTIAL_ANALYSIS.fork0 chunks running (39/70 completed)
2022-05-21 11:52:41 [runtime] (update)          ID.mCortex_ATAC_aggr.SC_ATAC_AGGREGATOR_CS.SC_ATAC_AGGREGATOR._SC_ATAC_ANALYZER.PERFORM_DIFFERENTIAL_ANALYSIS.fork0 chunks running (51/70 completed)
2022-05-21 11:56:23 [runtime] (update)          ID.mCortex_ATAC_aggr.SC_ATAC_AGGREGATOR_CS.SC_ATAC_AGGREGATOR._SC_ATAC_ANALYZER.RUN_MANIFOLD_PROJECTION.fork0 join_running
2022-05-21 11:56:27 [runtime] (join_complete)   ID.mCortex_ATAC_aggr.SC_ATAC_AGGREGATOR_CS.SC_ATAC_AGGREGATOR._SC_ATAC_ANALYZER.RUN_MANIFOLD_PROJECTION
2022-05-21 11:57:45 [runtime] (update)          ID.mCortex_ATAC_aggr.SC_ATAC_AGGREGATOR_CS.SC_ATAC_AGGREGATOR._SC_ATAC_ANALYZER.PERFORM_DIFFERENTIAL_ANALYSIS.fork0 chunks running (68/70 completed)
2022-05-21 11:58:25 [runtime] (chunks_complete) ID.mCortex_ATAC_aggr.SC_ATAC_AGGREGATOR_CS.SC_ATAC_AGGREGATOR._SC_ATAC_ANALYZER.PERFORM_DIFFERENTIAL_ANALYSIS
2022-05-21 11:58:25 [runtime] (run:local)       ID.mCortex_ATAC_aggr.SC_ATAC_AGGREGATOR_CS.SC_ATAC_AGGREGATOR._SC_ATAC_ANALYZER.PERFORM_DIFFERENTIAL_ANALYSIS.fork0.join
2022-05-21 12:01:28 [runtime] (join_complete)   ID.mCortex_ATAC_aggr.SC_ATAC_AGGREGATOR_CS.SC_ATAC_AGGREGATOR._SC_ATAC_ANALYZER.PERFORM_DIFFERENTIAL_ANALYSIS
2022-05-21 12:01:28 [runtime] (ready)           ID.mCortex_ATAC_aggr.SC_ATAC_AGGREGATOR_CS.SC_ATAC_AGGREGATOR._SC_ATAC_ANALYZER.ATAC_SUMMARIZE_ANALYSIS
2022-05-21 12:01:28 [runtime] (run:local)       ID.mCortex_ATAC_aggr.SC_ATAC_AGGREGATOR_CS.SC_ATAC_AGGREGATOR._SC_ATAC_ANALYZER.ATAC_SUMMARIZE_ANALYSIS.fork0.split
2022-05-21 12:01:30 [runtime] (split_complete)  ID.mCortex_ATAC_aggr.SC_ATAC_AGGREGATOR_CS.SC_ATAC_AGGREGATOR._SC_ATAC_ANALYZER.ATAC_SUMMARIZE_ANALYSIS
2022-05-21 12:01:30 [runtime] (run:local)       ID.mCortex_ATAC_aggr.SC_ATAC_AGGREGATOR_CS.SC_ATAC_AGGREGATOR._SC_ATAC_ANALYZER.ATAC_SUMMARIZE_ANALYSIS.fork0.join
2022-05-21 12:02:21 [runtime] (join_complete)   ID.mCortex_ATAC_aggr.SC_ATAC_AGGREGATOR_CS.SC_ATAC_AGGREGATOR._SC_ATAC_ANALYZER.ATAC_SUMMARIZE_ANALYSIS
2022-05-21 12:02:21 [runtime] (ready)           ID.mCortex_ATAC_aggr.SC_ATAC_AGGREGATOR_CS.SC_ATAC_AGGREGATOR.CREATE_AGGR_WEBSUMMARY
2022-05-21 12:02:21 [runtime] (run:local)       ID.mCortex_ATAC_aggr.SC_ATAC_AGGREGATOR_CS.SC_ATAC_AGGREGATOR.CREATE_AGGR_WEBSUMMARY.fork0.chnk0.main
2022-05-21 12:02:21 [runtime] (ready)           ID.mCortex_ATAC_aggr.SC_ATAC_AGGREGATOR_CS.SC_ATAC_AGGREGATOR.ATAC_CLOUPE_PREPROCESS
2022-05-21 12:02:21 [runtime] (run:local)       ID.mCortex_ATAC_aggr.SC_ATAC_AGGREGATOR_CS.SC_ATAC_AGGREGATOR.ATAC_CLOUPE_PREPROCESS.fork0.split
2022-05-21 12:02:23 [runtime] (split_complete)  ID.mCortex_ATAC_aggr.SC_ATAC_AGGREGATOR_CS.SC_ATAC_AGGREGATOR.ATAC_CLOUPE_PREPROCESS
2022-05-21 12:02:23 [runtime] (run:local)       ID.mCortex_ATAC_aggr.SC_ATAC_AGGREGATOR_CS.SC_ATAC_AGGREGATOR.ATAC_CLOUPE_PREPROCESS.fork0.join
2022-05-21 12:02:25 [runtime] (chunks_complete) ID.mCortex_ATAC_aggr.SC_ATAC_AGGREGATOR_CS.SC_ATAC_AGGREGATOR.CREATE_AGGR_WEBSUMMARY
2022-05-21 12:08:25 [runtime] (update)          ID.mCortex_ATAC_aggr.SC_ATAC_AGGREGATOR_CS.SC_ATAC_AGGREGATOR.ATAC_CLOUPE_PREPROCESS.fork0 join_running
2022-05-21 12:10:15 [runtime] (join_complete)   ID.mCortex_ATAC_aggr.SC_ATAC_AGGREGATOR_CS.SC_ATAC_AGGREGATOR.ATAC_CLOUPE_PREPROCESS

Outputs:
- Barcoded and aligned fragment file:           /scratch/2022-05-16/xc1/ISSAAC_git/mCortex_main/mCortex_ATAC_aggr/outs/fragments.tsv.gz
- Fragment file index:                          /scratch/2022-05-16/xc1/ISSAAC_git/mCortex_main/mCortex_ATAC_aggr/outs/fragments.tsv.gz.tbi
- Per-barcode fragment counts & metrics:        /scratch/2022-05-16/xc1/ISSAAC_git/mCortex_main/mCortex_ATAC_aggr/outs/singlecell.csv
- Bed file of all called peak locations:        /scratch/2022-05-16/xc1/ISSAAC_git/mCortex_main/mCortex_ATAC_aggr/outs/peaks.bed
- Filtered peak barcode matrix in hdf5 format:  /scratch/2022-05-16/xc1/ISSAAC_git/mCortex_main/mCortex_ATAC_aggr/outs/filtered_peak_bc_matrix.h5
- Filtered peak barcode matrix in mex format:   /scratch/2022-05-16/xc1/ISSAAC_git/mCortex_main/mCortex_ATAC_aggr/outs/filtered_peak_bc_matrix
- Directory of analysis files:                  /scratch/2022-05-16/xc1/ISSAAC_git/mCortex_main/mCortex_ATAC_aggr/outs/analysis
- HTML file summarizing aggregation analysis :  /scratch/2022-05-16/xc1/ISSAAC_git/mCortex_main/mCortex_ATAC_aggr/outs/web_summary.html
- Filtered tf barcode matrix in hdf5 format:    /scratch/2022-05-16/xc1/ISSAAC_git/mCortex_main/mCortex_ATAC_aggr/outs/filtered_tf_bc_matrix.h5
- Filtered tf barcode matrix in mex format:     /scratch/2022-05-16/xc1/ISSAAC_git/mCortex_main/mCortex_ATAC_aggr/outs/filtered_tf_bc_matrix
- Loupe Browser input file:                     /scratch/2022-05-16/xc1/ISSAAC_git/mCortex_main/mCortex_ATAC_aggr/outs/cloupe.cloupe
- csv summarizing important metrics and values: /scratch/2022-05-16/xc1/ISSAAC_git/mCortex_main/mCortex_ATAC_aggr/outs/summary.csv
- Summary of all data metrics:                  /scratch/2022-05-16/xc1/ISSAAC_git/mCortex_main/mCortex_ATAC_aggr/outs/summary.json
- Annotation of peaks with genes:               /scratch/2022-05-16/xc1/ISSAAC_git/mCortex_main/mCortex_ATAC_aggr/outs/peak_annotation.tsv
- Csv of aggregation of libraries:              /scratch/2022-05-16/xc1/ISSAAC_git/mCortex_main/mCortex_ATAC_aggr/outs/aggregation_csv.csv

Waiting 6 seconds for UI to do final refresh.
Pipestance completed successfully!

2022-05-21 12:10:21 Shutting down.
